#
# A fatal error has been detected by the Java Runtime Environment:
#
#  EXCEPTION_ACCESS_VIOLATION (0xc0000005) at pc=0x0000000071ef2457, pid=7260, tid=0x0000000000002250
#
# JRE version: Java(TM) SE Runtime Environment (8.0_211-b12) (build 1.8.0_211-b12)
# Java VM: Java HotSpot(TM) 64-Bit Server VM (25.211-b12 mixed mode windows-amd64 compressed oops)
# Problematic frame:
# V  [jvm.dll+0x512457]
#
# Failed to write core dump. Minidumps are not enabled by default on client versions of Windows
#
# If you would like to submit a bug report, please visit:
#   http://bugreport.java.com/bugreport/crash.jsp
#

---------------  T H R E A D  ---------------

Current thread (0x0000000019ba6000):  JavaThread "C2 CompilerThread0" daemon [_thread_in_native, id=8784, stack(0x000000001a3f0000,0x000000001a4f0000)]

siginfo: ExceptionCode=0xc0000005, reading address 0x0000000000000818

Registers:
RAX=0x000000001d2443b0, RBX=0x000000001a4ed098, RCX=0x000000001d336a58, RDX=0x0000000000000000
RSP=0x000000001a4ebaa0, RBP=0x00000000000005aa, RSI=0x0000000000000003, RDI=0x0000000000000800
R8 =0x0000000019bde290, R9 =0x0000000080000000, R10=0x0000000080000000, R11=0x0000000019bde290
R12=0x00000000000006d5, R13=0x000000001d336a58, R14=0x00000000000006d5, R15=0x000000000000003e
RIP=0x0000000071ef2457, EFLAGS=0x0000000000010202

Top of Stack: (sp=0x000000001a4ebaa0)
0x000000001a4ebaa0:   000000001a4ed098 0000000071f0887a
0x000000001a4ebab0:   000000001d25b538 0000000071f07a24
0x000000001a4ebac0:   000000001d359af8 0000000000000000
0x000000001a4ebad0:   000000001d25b538 000000000000000c
0x000000001a4ebae0:   000000001d336a58 0000000071ef4d16
0x000000001a4ebaf0:   000000000000000b 000000001a4ec710
0x000000001a4ebb00:   000000001d336a58 000000001a4ec710
0x000000001a4ebb10:   000000000000000c 000000001a4ee840
0x000000001a4ebb20:   000000001d336a58 0000000071ef45da
0x000000001a4ebb30:   000000000000000b 000000001d25b538
0x000000001a4ebb40:   000000001a4ec710 000000001a4ebc70
0x000000001a4ebb50:   0000000071fc7878 000000001d351b10
0x000000001a4ebb60:   000000000000002b 0000000071e5971c
0x000000001a4ebb70:   000000001a4ebc70 0000000019b8c750
0x000000001a4ebb80:   000000001d3579a0 000000001a4ee840
0x000000001a4ebb90:   0000000000000300 0000000058080656 

Instructions: (pc=0x0000000071ef2457)
0x0000000071ef2437:   89 64 24 30 45 33 e4 48 3b 7b 20 49 8b cd 44 0f
0x0000000071ef2447:   44 e5 4c 89 7c 24 20 ff 10 41 8b 75 18 44 8b f8
0x0000000071ef2457:   39 77 18 75 48 48 8b 17 48 8b cf ff 12 41 3b c7
0x0000000071ef2467:   75 3b 33 d2 85 f6 74 24 49 8b 4d 08 4c 8b 47 08 


Register to memory mapping:

RAX=0x000000001d2443b0 is an unknown value
RBX=0x000000001a4ed098 is pointing into the stack for thread: 0x0000000019ba6000
RCX=0x000000001d336a58 is an unknown value
RDX=0x0000000000000000 is an unknown value
RSP=0x000000001a4ebaa0 is pointing into the stack for thread: 0x0000000019ba6000
RBP=0x00000000000005aa is an unknown value
RSI=0x0000000000000003 is an unknown value
RDI=0x0000000000000800 is an unknown value
R8 =0x0000000019bde290 is an unknown value
R9 =0x0000000080000000 is an unknown value
R10=0x0000000080000000 is an unknown value
R11=0x0000000019bde290 is an unknown value
R12=0x00000000000006d5 is an unknown value
R13=0x000000001d336a58 is an unknown value
R14=0x00000000000006d5 is an unknown value
R15=0x000000000000003e is an unknown value


Stack: [0x000000001a3f0000,0x000000001a4f0000],  sp=0x000000001a4ebaa0,  free space=1006k
Native frames: (J=compiled Java code, j=interpreted, Vv=VM code, C=native code)
V  [jvm.dll+0x512457]
V  [jvm.dll+0x514d16]
V  [jvm.dll+0x5145da]
V  [jvm.dll+0x47971c]
V  [jvm.dll+0x47a6b3]
V  [jvm.dll+0x45cfa2]
V  [jvm.dll+0xa6b22]
V  [jvm.dll+0xa746f]
V  [jvm.dll+0x2466ff]
V  [jvm.dll+0x29fc6a]
C  [msvcr100.dll+0x21d9f]
C  [msvcr100.dll+0x21e3b]
C  [KERNEL32.DLL+0x17c24]
C  [ntdll.dll+0x6d4d1]


Current CompileTask:
C2:   3387 2218       4       org.codehaus.plexus.util.xml.pull.MXParser::getText (125 bytes)


---------------  P R O C E S S  ---------------

Java Threads: ( => current thread )
  0x0000000019bcf800 JavaThread "Service Thread" daemon [_thread_blocked, id=16624, stack(0x000000001a7f0000,0x000000001a8f0000)]
  0x0000000019bb4000 JavaThread "C1 CompilerThread3" daemon [_thread_in_native, id=16788, stack(0x000000001a6f0000,0x000000001a7f0000)]
  0x0000000019bad800 JavaThread "C2 CompilerThread2" daemon [_thread_in_native, id=8080, stack(0x000000001a5f0000,0x000000001a6f0000)]
  0x0000000019ba9800 JavaThread "C2 CompilerThread1" daemon [_thread_in_native, id=12360, stack(0x000000001a4f0000,0x000000001a5f0000)]
=>0x0000000019ba6000 JavaThread "C2 CompilerThread0" daemon [_thread_in_native, id=8784, stack(0x000000001a3f0000,0x000000001a4f0000)]
  0x0000000019ba4800 JavaThread "Monitor Ctrl-Break" daemon [_thread_in_native, id=13812, stack(0x000000001a2f0000,0x000000001a3f0000)]
  0x0000000019b26000 JavaThread "Attach Listener" daemon [_thread_blocked, id=5008, stack(0x000000001a1f0000,0x000000001a2f0000)]
  0x0000000019b83000 JavaThread "Signal Dispatcher" daemon [_thread_blocked, id=5776, stack(0x000000001a0f0000,0x000000001a1f0000)]
  0x0000000019b10800 JavaThread "Finalizer" daemon [_thread_blocked, id=16284, stack(0x0000000019ff0000,0x000000001a0f0000)]
  0x0000000017d1d000 JavaThread "Reference Handler" daemon [_thread_blocked, id=5264, stack(0x0000000019ef0000,0x0000000019ff0000)]
  0x0000000002ca2800 JavaThread "main" [_thread_in_vm, id=3668, stack(0x0000000002600000,0x0000000002700000)]

Other Threads:
  0x0000000017d19000 VMThread [stack: 0x00000000199f0000,0x0000000019af0000] [id=1616]
  0x0000000019c59000 WatcherThread [stack: 0x000000001a8f0000,0x000000001a9f0000] [id=15108]

VM state:not at safepoint (normal execution)

VM Mutex/Monitor currently owned by a thread: None

heap address: 0x0000000081c00000, size: 2020 MB, Compressed Oops mode: 32-bit
Narrow klass base: 0x0000000000000000, Narrow klass shift: 3
Compressed class space size: 1073741824 Address: 0x0000000100000000

Heap:
 PSYoungGen      total 38400K, used 35596K [0x00000000d5f00000, 0x00000000daa00000, 0x0000000100000000)
  eden space 33280K, 91% used [0x00000000d5f00000,0x00000000d7cc5170,0x00000000d7f80000)
  from space 5120K, 99% used [0x00000000d7f80000,0x00000000d847e030,0x00000000d8480000)
  to   space 5120K, 0% used [0x00000000da500000,0x00000000da500000,0x00000000daa00000)
 ParOldGen       total 87552K, used 4139K [0x0000000081c00000, 0x0000000087180000, 0x00000000d5f00000)
  object space 87552K, 4% used [0x0000000081c00000,0x000000008200af28,0x0000000087180000)
 Metaspace       used 16454K, capacity 16806K, committed 17024K, reserved 1064960K
  class space    used 1993K, capacity 2111K, committed 2176K, reserved 1048576K

Card table byte_map: [0x0000000012160000,0x0000000012560000] byte_map_base: 0x0000000011d52000

Marking Bits: (ParMarkBitMap*) 0x0000000072205ce0
 Begin Bits: [0x0000000013010000, 0x0000000014fa0000)
 End Bits:   [0x0000000014fa0000, 0x0000000016f30000)

Polling page: 0x0000000000780000

CodeCache: size=245760Kb used=7869Kb max_used=7869Kb free=237891Kb
 bounds [0x0000000002da0000, 0x0000000003560000, 0x0000000011da0000]
 total_blobs=2784 nmethods=2410 adapters=286
 compilation: enabled

Compilation events (10 events):
Event: 3.327 Thread 0x0000000019bb4000 nmethod 2353 0x0000000003530ad0 code [0x0000000003531180, 0x00000000035349c8]
Event: 3.327 Thread 0x0000000019bb4000 2356       3       java.util.ArrayList::indexOf (67 bytes)
Event: 3.327 Thread 0x0000000019bb4000 nmethod 2356 0x000000000352fa90 code [0x000000000352fc20, 0x00000000035300e8]
Event: 3.327 Thread 0x0000000019bb4000 2355       3       java.util.ArrayList::contains (14 bytes)
Event: 3.327 Thread 0x0000000019bb4000 nmethod 2355 0x0000000003529310 code [0x0000000003529480, 0x00000000035296e8]
Event: 3.327 Thread 0x0000000019bb4000 2357       1       org.eclipse.aether.resolution.ArtifactDescriptorRequest::getArtifact (5 bytes)
Event: 3.328 Thread 0x0000000019ba9800 nmethod 2279 0x000000000352f610 code [0x000000000352f760, 0x000000000352f8f8]
Event: 3.328 Thread 0x0000000019bb4000 nmethod 2357 0x000000000352f350 code [0x000000000352f4a0, 0x000000000352f5b0]
Event: 3.328 Thread 0x0000000019ba9800 2358       4       java.util.LinkedList::removeFirst (23 bytes)
Event: 3.328 Thread 0x0000000019bb4000 2360       3       org.apache.maven.model.ModelBase::getModules (23 bytes)

GC Heap History (6 events):
Event: 1.478 GC heap before
{Heap before GC invocations=1 (full 0):
 PSYoungGen      total 38400K, used 33280K [0x00000000d5f00000, 0x00000000d8980000, 0x0000000100000000)
  eden space 33280K, 100% used [0x00000000d5f00000,0x00000000d7f80000,0x00000000d7f80000)
  from space 5120K, 0% used [0x00000000d8480000,0x00000000d8480000,0x00000000d8980000)
  to   space 5120K, 0% used [0x00000000d7f80000,0x00000000d7f80000,0x00000000d8480000)
 ParOldGen       total 87552K, used 0K [0x0000000081c00000, 0x0000000087180000, 0x00000000d5f00000)
  object space 87552K, 0% used [0x0000000081c00000,0x0000000081c00000,0x0000000087180000)
 Metaspace       used 8759K, capacity 8872K, committed 9088K, reserved 1056768K
  class space    used 1047K, capacity 1084K, committed 1152K, reserved 1048576K
Event: 1.487 GC heap after
Heap after GC invocations=1 (full 0):
 PSYoungGen      total 38400K, used 5114K [0x00000000d5f00000, 0x00000000d8980000, 0x0000000100000000)
  eden space 33280K, 0% used [0x00000000d5f00000,0x00000000d5f00000,0x00000000d7f80000)
  from space 5120K, 99% used [0x00000000d7f80000,0x00000000d847e9c0,0x00000000d8480000)
  to   space 5120K, 0% used [0x00000000d8480000,0x00000000d8480000,0x00000000d8980000)
 ParOldGen       total 87552K, used 166K [0x0000000081c00000, 0x0000000087180000, 0x00000000d5f00000)
  object space 87552K, 0% used [0x0000000081c00000,0x0000000081c29ae8,0x0000000087180000)
 Metaspace       used 8759K, capacity 8872K, committed 9088K, reserved 1056768K
  class space    used 1047K, capacity 1084K, committed 1152K, reserved 1048576K
}
Event: 1.954 GC heap before
{Heap before GC invocations=2 (full 0):
 PSYoungGen      total 38400K, used 38394K [0x00000000d5f00000, 0x00000000d8980000, 0x0000000100000000)
  eden space 33280K, 100% used [0x00000000d5f00000,0x00000000d7f80000,0x00000000d7f80000)
  from space 5120K, 99% used [0x00000000d7f80000,0x00000000d847e9c0,0x00000000d8480000)
  to   space 5120K, 0% used [0x00000000d8480000,0x00000000d8480000,0x00000000d8980000)
 ParOldGen       total 87552K, used 166K [0x0000000081c00000, 0x0000000087180000, 0x00000000d5f00000)
  object space 87552K, 0% used [0x0000000081c00000,0x0000000081c29ae8,0x0000000087180000)
 Metaspace       used 11685K, capacity 11946K, committed 12032K, reserved 1060864K
  class space    used 1432K, capacity 1511K, committed 1536K, reserved 1048576K
Event: 1.960 GC heap after
Heap after GC invocations=2 (full 0):
 PSYoungGen      total 38400K, used 5096K [0x00000000d5f00000, 0x00000000d8980000, 0x0000000100000000)
  eden space 33280K, 0% used [0x00000000d5f00000,0x00000000d5f00000,0x00000000d7f80000)
  from space 5120K, 99% used [0x00000000d8480000,0x00000000d897a360,0x00000000d8980000)
  to   space 5120K, 0% used [0x00000000d7f80000,0x00000000d7f80000,0x00000000d8480000)
 ParOldGen       total 87552K, used 1584K [0x0000000081c00000, 0x0000000087180000, 0x00000000d5f00000)
  object space 87552K, 1% used [0x0000000081c00000,0x0000000081d8c120,0x0000000087180000)
 Metaspace       used 11685K, capacity 11946K, committed 12032K, reserved 1060864K
  class space    used 1432K, capacity 1511K, committed 1536K, reserved 1048576K
}
Event: 2.725 GC heap before
{Heap before GC invocations=3 (full 0):
 PSYoungGen      total 38400K, used 38370K [0x00000000d5f00000, 0x00000000d8980000, 0x0000000100000000)
  eden space 33280K, 99% used [0x00000000d5f00000,0x00000000d7f7e648,0x00000000d7f80000)
  from space 5120K, 99% used [0x00000000d8480000,0x00000000d897a360,0x00000000d8980000)
  to   space 5120K, 0% used [0x00000000d7f80000,0x00000000d7f80000,0x00000000d8480000)
 ParOldGen       total 87552K, used 1584K [0x0000000081c00000, 0x0000000087180000, 0x00000000d5f00000)
  object space 87552K, 1% used [0x0000000081c00000,0x0000000081d8c120,0x0000000087180000)
 Metaspace       used 15340K, capacity 15682K, committed 15872K, reserved 1062912K
  class space    used 1882K, capacity 1973K, committed 2048K, reserved 1048576K
Event: 2.741 GC heap after
Heap after GC invocations=3 (full 0):
 PSYoungGen      total 38400K, used 5112K [0x00000000d5f00000, 0x00000000daa00000, 0x0000000100000000)
  eden space 33280K, 0% used [0x00000000d5f00000,0x00000000d5f00000,0x00000000d7f80000)
  from space 5120K, 99% used [0x00000000d7f80000,0x00000000d847e030,0x00000000d8480000)
  to   space 5120K, 0% used [0x00000000da500000,0x00000000da500000,0x00000000daa00000)
 ParOldGen       total 87552K, used 4139K [0x0000000081c00000, 0x0000000087180000, 0x00000000d5f00000)
  object space 87552K, 4% used [0x0000000081c00000,0x000000008200af28,0x0000000087180000)
 Metaspace       used 15340K, capacity 15682K, committed 15872K, reserved 1062912K
  class space    used 1882K, capacity 1973K, committed 2048K, reserved 1048576K
}

Deoptimization events (10 events):
Event: 2.723 Thread 0x0000000002ca2800 Uncommon trap: reason=bimorphic action=maybe_recompile pc=0x000000000336a30c method=java.util.regex.Pattern$CharProperty.match(Ljava/util/regex/Matcher;ILjava/lang/CharSequence;)Z @ 37
Event: 2.723 Thread 0x0000000002ca2800 Uncommon trap: reason=bimorphic action=maybe_recompile pc=0x000000000336a30c method=java.util.regex.Pattern$CharProperty.match(Ljava/util/regex/Matcher;ILjava/lang/CharSequence;)Z @ 37
Event: 2.742 Thread 0x0000000002ca2800 Uncommon trap: reason=unstable_if action=reinterpret pc=0x00000000033bc15c method=sun.nio.cs.UTF_8$Decoder.decodeArrayLoop(Ljava/nio/ByteBuffer;Ljava/nio/CharBuffer;)Ljava/nio/charset/CoderResult; @ 167
Event: 2.776 Thread 0x0000000002ca2800 Uncommon trap: reason=unstable_if action=reinterpret pc=0x00000000033e64d0 method=org.codehaus.plexus.util.xml.pull.MXParser.nextImpl()I @ 1161
Event: 2.784 Thread 0x0000000002ca2800 Uncommon trap: reason=unstable_if action=reinterpret pc=0x000000000318207c method=java.util.HashMap.hash(Ljava/lang/Object;)I @ 1
Event: 2.784 Thread 0x0000000002ca2800 Uncommon trap: reason=unstable_if action=reinterpret pc=0x00000000031d1628 method=java.util.HashMap.hash(Ljava/lang/Object;)I @ 1
Event: 2.913 Thread 0x0000000002ca2800 Uncommon trap: reason=null_check action=make_not_entrant pc=0x00000000034598dc method=org.apache.maven.model.io.xpp3.MavenXpp3Reader.checkFieldWithDuplicate(Lorg/codehaus/plexus/util/xml/pull/XmlPullParser;Ljava/lang/String;Ljava/lang/String;Ljava/util/Se
Event: 3.074 Thread 0x0000000002ca2800 Uncommon trap: reason=unstable_if action=reinterpret pc=0x000000000337b6a0 method=sun.net.www.protocol.jar.Handler.parseURL(Ljava/net/URL;Ljava/lang/String;II)V @ 94
Event: 3.119 Thread 0x0000000002ca2800 Uncommon trap: reason=predicate action=maybe_recompile pc=0x00000000034c7d08 method=java.util.TimSort.binarySort([Ljava/lang/Object;IIILjava/util/Comparator;)V @ 37
Event: 3.318 Thread 0x0000000002ca2800 Uncommon trap: reason=unstable_if action=reinterpret pc=0x000000000344be8c method=java.lang.String.trim()Ljava/lang/String; @ 63

Classes redefined (0 events):
No events

Internal exceptions (10 events):
Event: 1.626 Thread 0x0000000002ca2800 Exception <a 'java/lang/ArrayIndexOutOfBoundsException': 66> (0x00000000d676e288) thrown at [C:\re\workspace\8-2-build-windows-amd64-cygwin\jdk8u211\12973\hotspot\src\share\vm\interpreter\interpreterRuntime.cpp, line 368]
Event: 2.250 Thread 0x0000000002ca2800 Exception <a 'java/lang/NoClassDefFoundError': com/google/inject/servlet/ServletModuleTargetVisitor> (0x00000000d6f14888) thrown at [C:\re\workspace\8-2-build-windows-amd64-cygwin\jdk8u211\12973\hotspot\src\share\vm\classfile\systemDictionary.cpp, line 19
Event: 2.250 Thread 0x0000000002ca2800 Exception <a 'java/lang/NoClassDefFoundError'> (0x00000000d6f14888) thrown at [C:\re\workspace\8-2-build-windows-amd64-cygwin\jdk8u211\12973\hotspot\src\share\vm\prims\jvm.cpp, line 1506]
Event: 2.250 Thread 0x0000000002ca2800 Exception <a 'java/lang/NoClassDefFoundError': javax/annotation/Priority> (0x00000000d6f196d8) thrown at [C:\re\workspace\8-2-build-windows-amd64-cygwin\jdk8u211\12973\hotspot\src\share\vm\classfile\systemDictionary.cpp, line 199]
Event: 2.362 Thread 0x0000000002ca2800 Implicit null exception at 0x0000000002f441d8 to 0x0000000002f44391
Event: 2.581 Thread 0x0000000002ca2800 Implicit null exception at 0x000000000314c496 to 0x000000000314c831
Event: 2.581 Thread 0x0000000002ca2800 Implicit null exception at 0x0000000002fdaa16 to 0x0000000002fdadb1
Event: 2.784 Thread 0x0000000002ca2800 Implicit null exception at 0x0000000003181e95 to 0x000000000318206d
Event: 2.784 Thread 0x0000000002ca2800 Implicit null exception at 0x00000000031d15af to 0x00000000031d1619
Event: 2.913 Thread 0x0000000002ca2800 Implicit null exception at 0x0000000003459677 to 0x00000000034598c1

Events (10 events):
Event: 3.240 Thread 0x0000000002ca2800 DEOPT UNPACKING pc=0x0000000002de7890 sp=0x00000000026fd6b0 mode 0
Event: 3.287 loading class org/apache/maven/lifecycle/internal/LifecycleDependencyResolver$ReactorDependencyFilter
Event: 3.287 loading class org/apache/maven/lifecycle/internal/LifecycleDependencyResolver$ReactorDependencyFilter done
Event: 3.289 loading class org/apache/maven/project/DefaultDependencyResolutionRequest
Event: 3.289 loading class org/apache/maven/project/DefaultDependencyResolutionRequest done
Event: 3.291 loading class org/eclipse/aether/util/artifact/ArtifactIdUtils
Event: 3.291 loading class org/eclipse/aether/util/artifact/ArtifactIdUtils done
Event: 3.318 Thread 0x0000000002ca2800 Uncommon trap: trap_request=0xffffff65 fr.pc=0x000000000344be8c
Event: 3.318 Thread 0x0000000002ca2800 DEOPT PACKING pc=0x000000000344be8c sp=0x00000000026fcb60
Event: 3.318 Thread 0x0000000002ca2800 DEOPT UNPACKING pc=0x0000000002de583b sp=0x00000000026fcb20 mode 2


Dynamic libraries:
0x00007ff6c7b50000 - 0x00007ff6c7b87000 	D:\Java\jdk1.8.0_211\bin\java.exe
0x00007ffa30e40000 - 0x00007ffa31030000 	C:\WINDOWS\SYSTEM32\ntdll.dll
0x00007ffa2f270000 - 0x00007ffa2f322000 	C:\WINDOWS\System32\KERNEL32.DLL
0x00007ffa2e000000 - 0x00007ffa2e2a5000 	C:\WINDOWS\System32\KERNELBASE.dll
0x00007ffa2ff50000 - 0x00007ffa2fff3000 	C:\WINDOWS\System32\ADVAPI32.dll
0x00007ffa2fe20000 - 0x00007ffa2febe000 	C:\WINDOWS\System32\msvcrt.dll
0x00007ffa2f9d0000 - 0x00007ffa2fa67000 	C:\WINDOWS\System32\sechost.dll
0x00007ffa2f360000 - 0x00007ffa2f480000 	C:\WINDOWS\System32\RPCRT4.dll
0x00007ffa2f0a0000 - 0x00007ffa2f234000 	C:\WINDOWS\System32\USER32.dll
0x00007ffa2dfd0000 - 0x00007ffa2dff1000 	C:\WINDOWS\System32\win32u.dll
0x00007ffa2f240000 - 0x00007ffa2f266000 	C:\WINDOWS\System32\GDI32.dll
0x00007ffa2e330000 - 0x00007ffa2e4c6000 	C:\WINDOWS\System32\gdi32full.dll
0x00007ffa2dee0000 - 0x00007ffa2df7e000 	C:\WINDOWS\System32\msvcp_win.dll
0x00007ffa2ddb0000 - 0x00007ffa2deaa000 	C:\WINDOWS\System32\ucrtbase.dll
0x00007ffa24320000 - 0x00007ffa245a4000 	C:\WINDOWS\WinSxS\amd64_microsoft.windows.common-controls_6595b64144ccf1df_6.0.18362.1256_none_9e7e379be45e40e2\COMCTL32.dll
0x00007ffa2fae0000 - 0x00007ffa2fe16000 	C:\WINDOWS\System32\combase.dll
0x00007ffa2e620000 - 0x00007ffa2e6a1000 	C:\WINDOWS\System32\bcryptPrimitives.dll
0x00007ffa2f330000 - 0x00007ffa2f35e000 	C:\WINDOWS\System32\IMM32.DLL
0x0000000072df0000 - 0x0000000072ec2000 	D:\Java\jdk1.8.0_211\jre\bin\msvcr100.dll
0x00000000719e0000 - 0x0000000072285000 	D:\Java\jdk1.8.0_211\jre\bin\server\jvm.dll
0x00007ffa2f730000 - 0x00007ffa2f738000 	C:\WINDOWS\System32\PSAPI.DLL
0x00007ffa2bbd0000 - 0x00007ffa2bbf4000 	C:\WINDOWS\SYSTEM32\WINMM.dll
0x00007ffa24310000 - 0x00007ffa2431a000 	C:\WINDOWS\SYSTEM32\VERSION.dll
0x00007ffa073a0000 - 0x00007ffa073a9000 	C:\WINDOWS\SYSTEM32\WSOCK32.dll
0x00007ffa2fa70000 - 0x00007ffa2fadf000 	C:\WINDOWS\System32\WS2_32.dll
0x00007ffa2b750000 - 0x00007ffa2b77d000 	C:\WINDOWS\SYSTEM32\winmmbase.dll
0x00007ffa2df80000 - 0x00007ffa2dfca000 	C:\WINDOWS\System32\cfgmgr32.dll
0x00007ffa1b4d0000 - 0x00007ffa1b4df000 	D:\Java\jdk1.8.0_211\jre\bin\verify.dll
0x00007ffa109d0000 - 0x00007ffa109f9000 	D:\Java\jdk1.8.0_211\jre\bin\java.dll
0x00007ffa0fbb0000 - 0x00007ffa0fbd3000 	D:\Java\jdk1.8.0_211\jre\bin\instrument.dll
0x00007ffa12ca0000 - 0x00007ffa12cb6000 	D:\Java\jdk1.8.0_211\jre\bin\zip.dll
0x00007ffa30000000 - 0x00007ffa306e7000 	C:\WINDOWS\System32\SHELL32.dll
0x00007ffa2f670000 - 0x00007ffa2f719000 	C:\WINDOWS\System32\shcore.dll
0x00007ffa2e760000 - 0x00007ffa2eee1000 	C:\WINDOWS\System32\windows.storage.dll
0x00007ffa2dcf0000 - 0x00007ffa2dd13000 	C:\WINDOWS\System32\profapi.dll
0x00007ffa2dd40000 - 0x00007ffa2dd8a000 	C:\WINDOWS\System32\powrprof.dll
0x00007ffa2dce0000 - 0x00007ffa2dcf0000 	C:\WINDOWS\System32\UMPDC.dll
0x00007ffa30d40000 - 0x00007ffa30d92000 	C:\WINDOWS\System32\shlwapi.dll
0x00007ffa2dd20000 - 0x00007ffa2dd31000 	C:\WINDOWS\System32\kernel.appcore.dll
0x00007ffa2e2b0000 - 0x00007ffa2e2c7000 	C:\WINDOWS\System32\cryptsp.dll
0x00007ffa11440000 - 0x00007ffa1145a000 	D:\IntelliJ IDEA 2019.1.3\bin\breakgen64.dll
0x00007ffa109b0000 - 0x00007ffa109ca000 	D:\Java\jdk1.8.0_211\jre\bin\net.dll
0x00007ffa249c0000 - 0x00007ffa24b96000 	C:\WINDOWS\SYSTEM32\urlmon.dll
0x00007ffa24710000 - 0x00007ffa249b7000 	C:\WINDOWS\SYSTEM32\iertutil.dll
0x00007ffa2d670000 - 0x00007ffa2d67c000 	C:\WINDOWS\SYSTEM32\CRYPTBASE.DLL
0x00007ffa2d4e0000 - 0x00007ffa2d547000 	C:\WINDOWS\system32\mswsock.dll
0x00007ffa2d060000 - 0x00007ffa2d093000 	C:\WINDOWS\system32\rsaenh.dll
0x00007ffa2deb0000 - 0x00007ffa2ded6000 	C:\WINDOWS\System32\bcrypt.dll
0x00007ffa2dc00000 - 0x00007ffa2dc25000 	C:\WINDOWS\SYSTEM32\USERENV.dll
0x00007ffa2d200000 - 0x00007ffa2d23a000 	C:\WINDOWS\SYSTEM32\IPHLPAPI.DLL
0x00007ffa2f720000 - 0x00007ffa2f728000 	C:\WINDOWS\System32\NSI.dll
0x00007ffa269d0000 - 0x00007ffa269e6000 	C:\WINDOWS\SYSTEM32\dhcpcsvc6.DLL
0x00007ffa269b0000 - 0x00007ffa269cc000 	C:\WINDOWS\SYSTEM32\dhcpcsvc.DLL
0x00007ffa2d240000 - 0x00007ffa2d30b000 	C:\WINDOWS\SYSTEM32\DNSAPI.dll
0x00007ffa0a3f0000 - 0x00007ffa0a402000 	D:\Java\jdk1.8.0_211\jre\bin\nio.dll
0x00007ffa113f0000 - 0x00007ffa113fa000 	C:\Users\齐\AppData\Local\Temp\jansi-1.17.1-4002724923997941210.dll
0x00007ffa0a3e0000 - 0x00007ffa0a3ea000 	C:\Users\齐\AppData\Local\Temp\jansi-1.17.1-7856116062108522078.dll
0x00007ffa1df10000 - 0x00007ffa1e104000 	C:\WINDOWS\SYSTEM32\dbghelp.dll

VM Arguments:
jvm_args: -Dmaven.multiModuleProjectDirectory=F:\Java\qq_ssm -DarchetypeCatalog=internal -Dmaven.home=D:\Java\apache-maven-3.6.1 -Dclassworlds.conf=D:\Java\apache-maven-3.6.1\bin\m2.conf -javaagent:D:\IntelliJ IDEA 2019.1.3\lib\idea_rt.jar=32204:D:\IntelliJ IDEA 2019.1.3\bin -Dfile.encoding=UTF-8 
java_command: org.codehaus.classworlds.Launcher -Didea.version2019.1.3 -s D:\Java\apache-maven-3.6.1\conf\settings.xml install
java_class_path (initial): D:\Java\apache-maven-3.6.1\boot\plexus-classworlds-2.6.0.jar;D:\IntelliJ IDEA 2019.1.3\lib\idea_rt.jar
Launcher Type: SUN_STANDARD

Environment Variables:
JAVA_HOME=D:\Java\jdk1.8.0_211
CLASSPATH=.;D:\Java\jdk1.8.0_211\lib;D:\Java\jdk1.8.0_211\lib\tools.jar
PATH=D:\oracle\product\11.2.0\dbhome_1\bin;C:\Program Files (x86)\Intel\iCLS Client\;C:\Program Files\Intel\iCLS Client\;C:\Windows\system32;C:\Windows;C:\Windows\System32\Wbem;C:\Windows\System32\WindowsPowerShell\v1.0\;C:\Program Files (x86)\NVIDIA Corporation\PhysX\Common;C:\Program Files (x86)\Intel\Intel(R) Management Engine Components\DAL;C:\Program Files\Intel\Intel(R) Management Engine Components\DAL;C:\Program Files (x86)\Intel\Intel(R) Management Engine Components\IPT;C:\Program Files\Intel\Intel(R) Management Engine Components\IPT;C:\WINDOWS\system32;C:\WINDOWS;C:\WINDOWS\System32\Wbem;C:\WINDOWS\System32\WindowsPowerShell\v1.0\;C:\WINDOWS\System32\OpenSSH\;C:\Program Files\Intel\WiFi\bin\;C:\Program Files\Common Files\Intel\WirelessCommon\;E:\Node.js\;E:\Git\cmd;E:\Microsoft VS Code\bin;C:\Program Files (x86)\Microsoft SQL Server\80\Tools\Binn\;C:\Program Files\Microsoft SQL Server\90\Tools\binn\;C:\Program Files (x86)\Microsoft SQL Server\90\Tools\binn\;C:\Program Files (x86)\Microsoft SQL Server\90\DTS\Binn\;C:\Program Files (x86)\Microsoft SQL Server\90\Tools\Binn\VSShell\Common7\IDE\;C:\Program Files (x86)\Microsoft Visual Studio 8\Common7\IDE\PrivateAssemblies\;D:\Java\jdk1.8.0_211\bin;D:\Java\jre1.8.0_211;D:\Java\jdk1.8.0_211\bin;D:\Java\jdk1.8.0_211\jre\bin;C:\Program Files (x86)\Common Files\Oracle\Java\javapath;D:\Java\apache-maven-3.6.1\bin;C:\Program Files (x86)\Microsoft SQL Server\100\Tools\Binn\;C:\Program Files\Microsoft SQL Server\100\Tools\Binn\;C:\Program Files\Microsoft SQL Server\100\DTS\Binn\;C:\Program Files (x86)\Microsoft SQL Server\100\Tools\Binn\VSShell\Common7\IDE\;E:\vs2008\Common7\IDE\PrivateAssemblies\;C:\Program Files (x86)\Microsoft SQL Server\100\DTS\Binn\;D:\Anaconda3;D:\Anaconda3\Library\mingw-w64\bin;D:\Anaconda3\Library\usr\bin;D:\Anaconda3\Library\bin;D:\Anaconda3\Scripts;C:\Users\齐\AppData\Local\Microsoft\WindowsApps;C:\Users\齐\AppData\Roaming\npm
USERNAME=齐
OS=Windows_NT
PROCESSOR_IDENTIFIER=Intel64 Family 6 Model 158 Stepping 9, GenuineIntel



---------------  S Y S T E M  ---------------

OS: Windows 10.0 , 64 bit Build 18362 (10.0.18362.1110)

CPU:total 8 (initial active 8) (4 cores per cpu, 2 threads per core) family 6 model 158 stepping 9, cmov, cx8, fxsr, mmx, sse, sse2, sse3, ssse3, sse4.1, sse4.2, popcnt, avx, avx2, aes, clmul, erms, 3dnowpref, lzcnt, ht, tsc, tscinvbit, bmi1, bmi2, adx

Memory: 4k page, physical 8270092k(2156220k free), swap 20853004k(10525376k free)

vm_info: Java HotSpot(TM) 64-Bit Server VM (25.211-b12) for windows-amd64 JRE (1.8.0_211-b12), built on Apr  1 2019 20:53:26 by "java_re" with MS VC++ 10.0 (VS2010)

time: Wed Dec 16 20:39:51 2020
timezone: 中国标准时间
elapsed time: 3 seconds (0d 0h 0m 3s)

