#
# A fatal error has been detected by the Java Runtime Environment:
#
#  EXCEPTION_ACCESS_VIOLATION (0xc0000005) at pc=0x000000006f211cd2, pid=10292, tid=0x0000000000004130
#
# JRE version: Java(TM) SE Runtime Environment (8.0_211-b12) (build 1.8.0_211-b12)
# Java VM: Java HotSpot(TM) 64-Bit Server VM (25.211-b12 mixed mode windows-amd64 compressed oops)
# Problematic frame:
# V  [jvm.dll+0x511cd2]
#
# Failed to write core dump. Minidumps are not enabled by default on client versions of Windows
#
# If you would like to submit a bug report, please visit:
#   http://bugreport.java.com/bugreport/crash.jsp
#

---------------  T H R E A D  ---------------

Current thread (0x0000000019fb9800):  JavaThread "C2 CompilerThread1" daemon [_thread_in_native, id=16688, stack(0x000000001a900000,0x000000001aa00000)]

siginfo: ExceptionCode=0xc0000005, reading address 0x0000000000000828

Registers:
RAX=0x0000000000000800, RBX=0x000000001b9aa7d0, RCX=0x0000000000000004, RDX=0x0000000000000010
RSP=0x000000001a9fdc28, RBP=0x000000001a9fdd30, RSI=0x000000001a9fde10, RDI=0x000000001a9fe7c8
R8 =0x0000000000000185, R9 =0x000000000000f660, R10=0x000000001cfe7aa0, R11=0x0000000000002134
R12=0x000000001a9fdde0, R13=0x0000000000050248, R14=0x000000001a9fe8a0, R15=0x000000006f2e7878
RIP=0x000000006f211cd2, EFLAGS=0x0000000000010287

Top of Stack: (sp=0x000000001a9fdc28)
0x000000001a9fdc28:   000000006f2125b9 000000001a9fdd30
0x000000001a9fdc38:   0000000019faf700 000000001a9fde40
0x000000001a9fdc48:   000000001d0d7910 000000001d0df8f8
0x000000001a9fdc58:   000000006f17a602 0000000019faf700
0x000000001a9fdc68:   000000001a9fdd60 000000001d0deda0
0x000000001a9fdc78:   000000001d0d7910 0000000000000000
0x000000001a9fdc88:   000000001a9ff0b0 0000000000000012
0x000000001a9fdc98:   000000001b7ed9f0 000000001a9ff240
0x000000001a9fdca8:   000000001a9ff258 0000000019fb5b50
0x000000001a9fdcb8:   0000000000000004 0000000000000000
0x000000001a9fdcc8:   0000000000000000 0000000000000002
0x000000001a9fdcd8:   0000000000000000 0000000000000000
0x000000001a9fdce8:   0000000000000000 0000000000000000
0x000000001a9fdcf8:   0000000000000000 0000000000000000
0x000000001a9fdd08:   000000001a9fe8a0 0000000000000000
0x000000001a9fdd18:   000000006f360728 0000000000000001 

Instructions: (pc=0x000000006f211cd2)
0x000000006f211cb2:   c9 44 8b d8 66 66 0f 1f 84 00 00 00 00 00 4c 8b
0x000000006f211cc2:   57 18 4b 8b 04 0a 48 85 c0 74 2f 48 3b c3 74 2a
0x000000006f211cd2:   8b 48 28 8b c1 c1 e8 05 3b 46 10 73 19 44 8b c0
0x000000006f211ce2:   48 8b 46 18 83 e1 1f 42 8b 04 80 ba 01 00 00 00 


Register to memory mapping:

RAX=0x0000000000000800 is an unknown value
RBX=0x000000001b9aa7d0 is an unknown value
RCX=0x0000000000000004 is an unknown value
RDX=0x0000000000000010 is an unknown value
RSP=0x000000001a9fdc28 is pointing into the stack for thread: 0x0000000019fb9800
RBP=0x000000001a9fdd30 is pointing into the stack for thread: 0x0000000019fb9800
RSI=0x000000001a9fde10 is pointing into the stack for thread: 0x0000000019fb9800
RDI=0x000000001a9fe7c8 is pointing into the stack for thread: 0x0000000019fb9800
R8 =0x0000000000000185 is an unknown value
R9 =0x000000000000f660 is an unknown value
R10=0x000000001cfe7aa0 is an unknown value
R11=0x0000000000002134 is an unknown value
R12=0x000000001a9fdde0 is pointing into the stack for thread: 0x0000000019fb9800
R13=0x0000000000050248 is an unknown value
R14=0x000000001a9fe8a0 is pointing into the stack for thread: 0x0000000019fb9800
R15=0x000000006f2e7878 is an unknown value


Stack: [0x000000001a900000,0x000000001aa00000],  sp=0x000000001a9fdc28,  free space=1015k
Native frames: (J=compiled Java code, j=interpreted, Vv=VM code, C=native code)
V  [jvm.dll+0x511cd2]
V  [jvm.dll+0x5125b9]
V  [jvm.dll+0x47a602]
V  [jvm.dll+0x45cfa2]
V  [jvm.dll+0xa6b22]
V  [jvm.dll+0xa746f]
V  [jvm.dll+0x2466ff]
V  [jvm.dll+0x29fc6a]
C  [msvcr100.dll+0x21d9f]
C  [msvcr100.dll+0x21e3b]
C  [KERNEL32.DLL+0x17c24]
C  [ntdll.dll+0x6d4d1]


Current CompileTask:
C2:   3100 1715       4       java.net.URLClassLoader$1::run (5 bytes)


---------------  P R O C E S S  ---------------

Java Threads: ( => current thread )
  0x000000001a065000 JavaThread "Service Thread" daemon [_thread_blocked, id=17244, stack(0x000000001ac00000,0x000000001ad00000)]
  0x0000000019fcc800 JavaThread "C1 CompilerThread3" daemon [_thread_blocked, id=10380, stack(0x000000001ab00000,0x000000001ac00000)]
  0x0000000019fbf800 JavaThread "C2 CompilerThread2" daemon [_thread_in_native, id=1800, stack(0x000000001aa00000,0x000000001ab00000)]
=>0x0000000019fb9800 JavaThread "C2 CompilerThread1" daemon [_thread_in_native, id=16688, stack(0x000000001a900000,0x000000001aa00000)]
  0x0000000019fb7800 JavaThread "C2 CompilerThread0" daemon [_thread_in_native, id=5824, stack(0x000000001a800000,0x000000001a900000)]
  0x0000000019fb6000 JavaThread "Monitor Ctrl-Break" daemon [_thread_in_native, id=16740, stack(0x000000001a700000,0x000000001a800000)]
  0x0000000019f34000 JavaThread "Attach Listener" daemon [_thread_blocked, id=1264, stack(0x000000001a600000,0x000000001a700000)]
  0x0000000019f33000 JavaThread "Signal Dispatcher" daemon [_thread_blocked, id=2100, stack(0x000000001a500000,0x000000001a600000)]
  0x000000001812e000 JavaThread "Finalizer" daemon [_thread_blocked, id=1952, stack(0x000000001a400000,0x000000001a500000)]
  0x000000001812d000 JavaThread "Reference Handler" daemon [_thread_blocked, id=12156, stack(0x000000001a300000,0x000000001a400000)]
  0x00000000030b2800 JavaThread "main" [_thread_in_Java, id=16372, stack(0x0000000002e60000,0x0000000002f60000)]

Other Threads:
  0x0000000018129000 VMThread [stack: 0x0000000019e00000,0x0000000019f00000] [id=17180]
  0x000000001a06b000 WatcherThread [stack: 0x000000001ad00000,0x000000001ae00000] [id=16836]

VM state:not at safepoint (normal execution)

VM Mutex/Monitor currently owned by a thread: None

heap address: 0x0000000081c00000, size: 2020 MB, Compressed Oops mode: 32-bit
Narrow klass base: 0x0000000000000000, Narrow klass shift: 3
Compressed class space size: 1073741824 Address: 0x0000000100000000

Heap:
 PSYoungGen      total 38400K, used 37884K [0x00000000d5f00000, 0x00000000d8980000, 0x0000000100000000)
  eden space 33280K, 98% used [0x00000000d5f00000,0x00000000d7f050e0,0x00000000d7f80000)
  from space 5120K, 99% used [0x00000000d8480000,0x00000000d897a2f0,0x00000000d8980000)
  to   space 5120K, 0% used [0x00000000d7f80000,0x00000000d7f80000,0x00000000d8480000)
 ParOldGen       total 87552K, used 1729K [0x0000000081c00000, 0x0000000087180000, 0x00000000d5f00000)
  object space 87552K, 1% used [0x0000000081c00000,0x0000000081db0660,0x0000000087180000)
 Metaspace       used 15378K, capacity 15670K, committed 15872K, reserved 1062912K
  class space    used 1882K, capacity 1971K, committed 2048K, reserved 1048576K

Card table byte_map: [0x0000000012570000,0x0000000012970000] byte_map_base: 0x0000000012162000

Marking Bits: (ParMarkBitMap*) 0x000000006f525ce0
 Begin Bits: [0x0000000013420000, 0x00000000153b0000)
 End Bits:   [0x00000000153b0000, 0x0000000017340000)

Polling page: 0x00000000009f0000

CodeCache: size=245760Kb used=5866Kb max_used=5866Kb free=239893Kb
 bounds [0x00000000031b0000, 0x0000000003770000, 0x00000000121b0000]
 total_blobs=2107 nmethods=1734 adapters=283
 compilation: enabled

Compilation events (10 events):
Event: 2.976 Thread 0x0000000019fcc800 nmethod 1713 0x0000000003754590 code [0x0000000003754740, 0x0000000003754d58]
Event: 2.976 Thread 0x0000000019fcc800 1714       3       java.util.Collections$UnmodifiableMap$UnmodifiableEntrySet$1::next (20 bytes)
Event: 2.977 Thread 0x0000000019fcc800 nmethod 1714 0x0000000003753c10 code [0x0000000003753dc0, 0x0000000003754358]
Event: 2.977 Thread 0x0000000019fb9800 1715       4       java.net.URLClassLoader$1::run (5 bytes)
Event: 2.977 Thread 0x0000000019fbf800 nmethod 1706 0x000000000375b750 code [0x000000000375b8c0, 0x000000000375bd08]
Event: 2.978 Thread 0x0000000019fbf800 1716   !   4       java.net.URLClassLoader$1::run (63 bytes)
Event: 3.016 Thread 0x0000000019fcc800 1717       3       java.util.Collections$UnmodifiableMap$UnmodifiableEntrySet$UnmodifiableEntry::getKey (10 bytes)
Event: 3.016 Thread 0x0000000019fcc800 nmethod 1717 0x00000000037527d0 code [0x0000000003752940, 0x0000000003752b68]
Event: 3.016 Thread 0x0000000019fcc800 1718       3       java.util.Collections$UnmodifiableMap$UnmodifiableEntrySet$UnmodifiableEntry::getValue (10 bytes)
Event: 3.016 Thread 0x0000000019fcc800 nmethod 1718 0x0000000003752310 code [0x0000000003752480, 0x00000000037526a8]

GC Heap History (4 events):
Event: 1.681 GC heap before
{Heap before GC invocations=1 (full 0):
 PSYoungGen      total 38400K, used 33280K [0x00000000d5f00000, 0x00000000d8980000, 0x0000000100000000)
  eden space 33280K, 100% used [0x00000000d5f00000,0x00000000d7f80000,0x00000000d7f80000)
  from space 5120K, 0% used [0x00000000d8480000,0x00000000d8480000,0x00000000d8980000)
  to   space 5120K, 0% used [0x00000000d7f80000,0x00000000d7f80000,0x00000000d8480000)
 ParOldGen       total 87552K, used 0K [0x0000000081c00000, 0x0000000087180000, 0x00000000d5f00000)
  object space 87552K, 0% used [0x0000000081c00000,0x0000000081c00000,0x0000000087180000)
 Metaspace       used 8813K, capacity 9032K, committed 9088K, reserved 1056768K
  class space    used 1049K, capacity 1116K, committed 1152K, reserved 1048576K
Event: 1.686 GC heap after
Heap after GC invocations=1 (full 0):
 PSYoungGen      total 38400K, used 5105K [0x00000000d5f00000, 0x00000000d8980000, 0x0000000100000000)
  eden space 33280K, 0% used [0x00000000d5f00000,0x00000000d5f00000,0x00000000d7f80000)
  from space 5120K, 99% used [0x00000000d7f80000,0x00000000d847c660,0x00000000d8480000)
  to   space 5120K, 0% used [0x00000000d8480000,0x00000000d8480000,0x00000000d8980000)
 ParOldGen       total 87552K, used 288K [0x0000000081c00000, 0x0000000087180000, 0x00000000d5f00000)
  object space 87552K, 0% used [0x0000000081c00000,0x0000000081c48290,0x0000000087180000)
 Metaspace       used 8813K, capacity 9032K, committed 9088K, reserved 1056768K
  class space    used 1049K, capacity 1116K, committed 1152K, reserved 1048576K
}
Event: 2.160 GC heap before
{Heap before GC invocations=2 (full 0):
 PSYoungGen      total 38400K, used 38385K [0x00000000d5f00000, 0x00000000d8980000, 0x0000000100000000)
  eden space 33280K, 100% used [0x00000000d5f00000,0x00000000d7f80000,0x00000000d7f80000)
  from space 5120K, 99% used [0x00000000d7f80000,0x00000000d847c660,0x00000000d8480000)
  to   space 5120K, 0% used [0x00000000d8480000,0x00000000d8480000,0x00000000d8980000)
 ParOldGen       total 87552K, used 288K [0x0000000081c00000, 0x0000000087180000, 0x00000000d5f00000)
  object space 87552K, 0% used [0x0000000081c00000,0x0000000081c48290,0x0000000087180000)
 Metaspace       used 11663K, capacity 11946K, committed 12032K, reserved 1060864K
  class space    used 1423K, capacity 1511K, committed 1536K, reserved 1048576K
Event: 2.165 GC heap after
Heap after GC invocations=2 (full 0):
 PSYoungGen      total 38400K, used 5096K [0x00000000d5f00000, 0x00000000d8980000, 0x0000000100000000)
  eden space 33280K, 0% used [0x00000000d5f00000,0x00000000d5f00000,0x00000000d7f80000)
  from space 5120K, 99% used [0x00000000d8480000,0x00000000d897a2f0,0x00000000d8980000)
  to   space 5120K, 0% used [0x00000000d7f80000,0x00000000d7f80000,0x00000000d8480000)
 ParOldGen       total 87552K, used 1729K [0x0000000081c00000, 0x0000000087180000, 0x00000000d5f00000)
  object space 87552K, 1% used [0x0000000081c00000,0x0000000081db0660,0x0000000087180000)
 Metaspace       used 11663K, capacity 11946K, committed 12032K, reserved 1060864K
  class space    used 1423K, capacity 1511K, committed 1536K, reserved 1048576K
}

Deoptimization events (10 events):
Event: 1.631 Thread 0x00000000030b2800 Uncommon trap: reason=unstable_if action=reinterpret pc=0x000000000349cd68 method=java.nio.charset.CoderResult.isOverflow()Z @ 5
Event: 1.732 Thread 0x00000000030b2800 Uncommon trap: reason=unstable_if action=reinterpret pc=0x00000000034b3bc4 method=org.codehaus.plexus.util.xml.pull.MXParser.nextImpl()I @ 241
Event: 1.830 Thread 0x00000000030b2800 Uncommon trap: reason=unstable_if action=reinterpret pc=0x0000000003451280 method=java.util.HashMap.getNode(ILjava/lang/Object;)Ljava/util/HashMap$Node; @ 129
Event: 1.859 Thread 0x00000000030b2800 Uncommon trap: reason=range_check action=make_not_entrant pc=0x00000000034d2960 method=sun.reflect.generics.parser.SignatureParser.current()C @ 34
Event: 2.679 Thread 0x00000000030b2800 Uncommon trap: reason=null_check action=make_not_entrant pc=0x0000000003362820 method=java.lang.String.equals(Ljava/lang/Object;)Z @ 8
Event: 2.687 Thread 0x00000000030b2800 Uncommon trap: reason=unstable_if action=reinterpret pc=0x00000000034aa014 method=sun.nio.cs.UTF_8$Decoder.decodeArrayLoop(Ljava/nio/ByteBuffer;Ljava/nio/CharBuffer;)Ljava/nio/charset/CoderResult; @ 84
Event: 2.688 Thread 0x00000000030b2800 Uncommon trap: reason=unstable_if action=reinterpret pc=0x0000000003522b9c method=org.codehaus.plexus.util.xml.pull.MXParser.parseStartTag()I @ 443
Event: 2.818 Thread 0x00000000030b2800 Uncommon trap: reason=unstable_if action=reinterpret pc=0x00000000034431c8 method=java.lang.AbstractStringBuilder.append(Ljava/lang/String;)Ljava/lang/AbstractStringBuilder; @ 1
Event: 2.818 Thread 0x00000000030b2800 Uncommon trap: reason=unstable_if action=reinterpret pc=0x000000000339fc04 method=java.lang.AbstractStringBuilder.append(Ljava/lang/String;)Ljava/lang/AbstractStringBuilder; @ 1
Event: 2.825 Thread 0x00000000030b2800 Uncommon trap: reason=unstable_if action=reinterpret pc=0x0000000003396014 method=java.lang.String.replace(CC)Ljava/lang/String; @ 2

Classes redefined (0 events):
No events

Internal exceptions (10 events):
Event: 1.753 Thread 0x00000000030b2800 Exception <a 'java/lang/ArrayIndexOutOfBoundsException'> (0x00000000d64f3c80) thrown at [C:\re\workspace\8-2-build-windows-amd64-cygwin\jdk8u211\12973\hotspot\src\share\vm\runtime\sharedRuntime.cpp, line 605]
Event: 1.754 Thread 0x00000000030b2800 Exception <a 'java/lang/ArrayIndexOutOfBoundsException'> (0x00000000d64f8980) thrown at [C:\re\workspace\8-2-build-windows-amd64-cygwin\jdk8u211\12973\hotspot\src\share\vm\runtime\sharedRuntime.cpp, line 605]
Event: 1.827 Thread 0x00000000030b2800 Exception <a 'java/lang/ArrayIndexOutOfBoundsException'> (0x00000000d678d388) thrown at [C:\re\workspace\8-2-build-windows-amd64-cygwin\jdk8u211\12973\hotspot\src\share\vm\runtime\sharedRuntime.cpp, line 605]
Event: 1.859 Thread 0x00000000030b2800 Exception <a 'java/lang/ArrayIndexOutOfBoundsException': 66> (0x00000000d6858d40) thrown at [C:\re\workspace\8-2-build-windows-amd64-cygwin\jdk8u211\12973\hotspot\src\share\vm\interpreter\interpreterRuntime.cpp, line 368]
Event: 2.549 Thread 0x00000000030b2800 Exception <a 'java/lang/NoClassDefFoundError': com/google/inject/servlet/ServletModuleTargetVisitor> (0x00000000d6ffef40) thrown at [C:\re\workspace\8-2-build-windows-amd64-cygwin\jdk8u211\12973\hotspot\src\share\vm\classfile\systemDictionary.cpp, line 19
Event: 2.549 Thread 0x00000000030b2800 Exception <a 'java/lang/NoClassDefFoundError'> (0x00000000d6ffef40) thrown at [C:\re\workspace\8-2-build-windows-amd64-cygwin\jdk8u211\12973\hotspot\src\share\vm\prims\jvm.cpp, line 1506]
Event: 2.549 Thread 0x00000000030b2800 Exception <a 'java/lang/NoClassDefFoundError': javax/annotation/Priority> (0x00000000d7003d90) thrown at [C:\re\workspace\8-2-build-windows-amd64-cygwin\jdk8u211\12973\hotspot\src\share\vm\classfile\systemDictionary.cpp, line 199]
Event: 2.679 Thread 0x00000000030b2800 Implicit null exception at 0x0000000003362658 to 0x0000000003362811
Event: 2.818 Thread 0x00000000030b2800 Implicit null exception at 0x0000000003442e16 to 0x00000000034431b1
Event: 2.818 Thread 0x00000000030b2800 Implicit null exception at 0x000000000339f856 to 0x000000000339fbed

Events (10 events):
Event: 3.015 loading class sun/nio/ch/Interruptible done
Event: 3.015 loading class java/nio/channels/spi/AbstractInterruptibleChannel$1 done
Event: 3.016 loading class org/apache/maven/repository/internal/DefaultModelCache
Event: 3.016 loading class org/apache/maven/repository/internal/DefaultModelCache done
Event: 3.017 loading class org/apache/maven/repository/internal/DefaultModelResolver
Event: 3.017 loading class org/apache/maven/repository/internal/DefaultModelResolver done
Event: 3.033 loading class org/apache/maven/model/io/xpp3/MavenXpp3Reader
Event: 3.033 loading class org/apache/maven/model/io/xpp3/MavenXpp3Reader done
Event: 3.035 loading class org/apache/maven/model/io/xpp3/MavenXpp3Reader$ContentTransformer
Event: 3.035 loading class org/apache/maven/model/io/xpp3/MavenXpp3Reader$ContentTransformer done


Dynamic libraries:
0x00007ff71ebb0000 - 0x00007ff71ebe7000 	D:\Java\jdk1.8.0_211\bin\java.exe
0x00007ffc03ea0000 - 0x00007ffc04090000 	C:\WINDOWS\SYSTEM32\ntdll.dll
0x00007ffc03320000 - 0x00007ffc033d2000 	C:\WINDOWS\System32\KERNEL32.DLL
0x00007ffc00e10000 - 0x00007ffc010b5000 	C:\WINDOWS\System32\KERNELBASE.dll
0x00007ffc03140000 - 0x00007ffc031e3000 	C:\WINDOWS\System32\ADVAPI32.dll
0x00007ffc03700000 - 0x00007ffc0379e000 	C:\WINDOWS\System32\msvcrt.dll
0x00007ffc02000000 - 0x00007ffc02097000 	C:\WINDOWS\System32\sechost.dll
0x00007ffc03810000 - 0x00007ffc03930000 	C:\WINDOWS\System32\RPCRT4.dll
0x00007ffc02130000 - 0x00007ffc022c4000 	C:\WINDOWS\System32\USER32.dll
0x00007ffc01900000 - 0x00007ffc01921000 	C:\WINDOWS\System32\win32u.dll
0x00007ffc02da0000 - 0x00007ffc02dc6000 	C:\WINDOWS\System32\GDI32.dll
0x00007ffc01b40000 - 0x00007ffc01cd6000 	C:\WINDOWS\System32\gdi32full.dll
0x00007ffc01eb0000 - 0x00007ffc01f4e000 	C:\WINDOWS\System32\msvcp_win.dll
0x00007ffc01990000 - 0x00007ffc01a8a000 	C:\WINDOWS\System32\ucrtbase.dll
0x00007ffbf17b0000 - 0x00007ffbf1a34000 	C:\WINDOWS\WinSxS\amd64_microsoft.windows.common-controls_6595b64144ccf1df_6.0.18362.1256_none_9e7e379be45e40e2\COMCTL32.dll
0x00007ffc02e00000 - 0x00007ffc03136000 	C:\WINDOWS\System32\combase.dll
0x00007ffc01870000 - 0x00007ffc018f1000 	C:\WINDOWS\System32\bcryptPrimitives.dll
0x00007ffc02dd0000 - 0x00007ffc02dfe000 	C:\WINDOWS\System32\IMM32.DLL
0x000000006f5b0000 - 0x000000006f682000 	D:\Java\jdk1.8.0_211\jre\bin\msvcr100.dll
0x000000006ed00000 - 0x000000006f5a5000 	D:\Java\jdk1.8.0_211\jre\bin\server\jvm.dll
0x00007ffc033e0000 - 0x00007ffc033e8000 	C:\WINDOWS\System32\PSAPI.DLL
0x00007ffbe23d0000 - 0x00007ffbe23d9000 	C:\WINDOWS\SYSTEM32\WSOCK32.dll
0x00007ffbfec70000 - 0x00007ffbfec94000 	C:\WINDOWS\SYSTEM32\WINMM.dll
0x00007ffbf17a0000 - 0x00007ffbf17aa000 	C:\WINDOWS\SYSTEM32\VERSION.dll
0x00007ffc037a0000 - 0x00007ffc0380f000 	C:\WINDOWS\System32\WS2_32.dll
0x00007ffbfec40000 - 0x00007ffbfec6d000 	C:\WINDOWS\SYSTEM32\WINMMBASE.dll
0x00007ffc01ce0000 - 0x00007ffc01d2a000 	C:\WINDOWS\System32\cfgmgr32.dll
0x00007ffbfd510000 - 0x00007ffbfd51f000 	D:\Java\jdk1.8.0_211\jre\bin\verify.dll
0x00007ffbfc070000 - 0x00007ffbfc099000 	D:\Java\jdk1.8.0_211\jre\bin\java.dll
0x00007ffbfbb00000 - 0x00007ffbfbb23000 	D:\Java\jdk1.8.0_211\jre\bin\instrument.dll
0x00007ffbf89d0000 - 0x00007ffbf89e6000 	D:\Java\jdk1.8.0_211\jre\bin\zip.dll
0x00007ffc024f0000 - 0x00007ffc02bd7000 	C:\WINDOWS\System32\SHELL32.dll
0x00007ffc01f50000 - 0x00007ffc01ff9000 	C:\WINDOWS\System32\shcore.dll
0x00007ffc010c0000 - 0x00007ffc01841000 	C:\WINDOWS\System32\windows.storage.dll
0x00007ffc00de0000 - 0x00007ffc00e03000 	C:\WINDOWS\System32\profapi.dll
0x00007ffc00d70000 - 0x00007ffc00dba000 	C:\WINDOWS\System32\powrprof.dll
0x00007ffc00d40000 - 0x00007ffc00d50000 	C:\WINDOWS\System32\UMPDC.dll
0x00007ffc02d40000 - 0x00007ffc02d92000 	C:\WINDOWS\System32\shlwapi.dll
0x00007ffc00d50000 - 0x00007ffc00d61000 	C:\WINDOWS\System32\kernel.appcore.dll
0x00007ffc01850000 - 0x00007ffc01867000 	C:\WINDOWS\System32\cryptsp.dll
0x00007ffbf8970000 - 0x00007ffbf898a000 	D:\IntelliJ IDEA 2019.1.3\bin\breakgen64.dll
0x00007ffbf48d0000 - 0x00007ffbf48ea000 	D:\Java\jdk1.8.0_211\jre\bin\net.dll
0x00007ffbf2a00000 - 0x00007ffbf2bd6000 	C:\WINDOWS\SYSTEM32\urlmon.dll
0x00007ffbf2d00000 - 0x00007ffbf2fa7000 	C:\WINDOWS\SYSTEM32\iertutil.dll
0x00007ffc006d0000 - 0x00007ffc006dc000 	C:\WINDOWS\SYSTEM32\CRYPTBASE.DLL
0x00007ffc00540000 - 0x00007ffc005a7000 	C:\WINDOWS\system32\mswsock.dll
0x00007ffc000c0000 - 0x00007ffc000f3000 	C:\WINDOWS\system32\rsaenh.dll
0x00007ffc01e80000 - 0x00007ffc01ea6000 	C:\WINDOWS\System32\bcrypt.dll
0x00007ffc00c60000 - 0x00007ffc00c85000 	C:\WINDOWS\SYSTEM32\USERENV.dll
0x00007ffc00260000 - 0x00007ffc0029a000 	C:\WINDOWS\SYSTEM32\IPHLPAPI.DLL
0x00007ffc023a0000 - 0x00007ffc023a8000 	C:\WINDOWS\System32\NSI.dll
0x00007ffbf86d0000 - 0x00007ffbf86e6000 	C:\WINDOWS\SYSTEM32\dhcpcsvc6.DLL
0x00007ffbf86b0000 - 0x00007ffbf86cc000 	C:\WINDOWS\SYSTEM32\dhcpcsvc.DLL
0x00007ffc002a0000 - 0x00007ffc0036b000 	C:\WINDOWS\SYSTEM32\DNSAPI.dll
0x00007ffbf4810000 - 0x00007ffbf4822000 	D:\Java\jdk1.8.0_211\jre\bin\nio.dll
0x00007ffbfd500000 - 0x00007ffbfd50a000 	C:\Users\齐\AppData\Local\Temp\jansi-1.17.1-243368787408480730.dll
0x00007ffbfb670000 - 0x00007ffbfb67a000 	C:\Users\齐\AppData\Local\Temp\jansi-1.17.1-8603115684256720415.dll
0x00007ffbedaf0000 - 0x00007ffbedce4000 	C:\WINDOWS\SYSTEM32\dbghelp.dll

VM Arguments:
jvm_args: -Dmaven.multiModuleProjectDirectory=F:\Java\qq_ssm\qq_ssm_web -DarchetypeCatalog=internal -Dmaven.home=D:\Java\apache-maven-3.6.1 -Dclassworlds.conf=D:\Java\apache-maven-3.6.1\bin\m2.conf -javaagent:D:\IntelliJ IDEA 2019.1.3\lib\idea_rt.jar=3391:D:\IntelliJ IDEA 2019.1.3\bin -Dfile.encoding=UTF-8 
java_command: org.codehaus.classworlds.Launcher -Didea.version2019.1.3 -s D:\Java\apache-maven-3.6.1\conf\settings.xml tomcat7:run
java_class_path (initial): D:\Java\apache-maven-3.6.1\boot\plexus-classworlds-2.6.0.jar;D:\IntelliJ IDEA 2019.1.3\lib\idea_rt.jar
Launcher Type: SUN_STANDARD

Environment Variables:
JAVA_HOME=D:\Java\jdk1.8.0_211
CLASSPATH=.;D:\Java\jdk1.8.0_211\lib;D:\Java\jdk1.8.0_211\lib\tools.jar
PATH=D:\oracle\product\11.2.0\dbhome_1\bin;C:\Program Files (x86)\Intel\iCLS Client\;C:\Program Files\Intel\iCLS Client\;C:\Windows\system32;C:\Windows;C:\Windows\System32\Wbem;C:\Windows\System32\WindowsPowerShell\v1.0\;C:\Program Files (x86)\NVIDIA Corporation\PhysX\Common;C:\Program Files (x86)\Intel\Intel(R) Management Engine Components\DAL;C:\Program Files\Intel\Intel(R) Management Engine Components\DAL;C:\Program Files (x86)\Intel\Intel(R) Management Engine Components\IPT;C:\Program Files\Intel\Intel(R) Management Engine Components\IPT;C:\WINDOWS\system32;C:\WINDOWS;C:\WINDOWS\System32\Wbem;C:\WINDOWS\System32\WindowsPowerShell\v1.0\;C:\WINDOWS\System32\OpenSSH\;C:\Program Files\Intel\WiFi\bin\;C:\Program Files\Common Files\Intel\WirelessCommon\;E:\Node.js\;E:\Git\cmd;E:\Microsoft VS Code\bin;C:\Program Files (x86)\Microsoft SQL Server\80\Tools\Binn\;C:\Program Files\Microsoft SQL Server\90\Tools\binn\;C:\Program Files (x86)\Microsoft SQL Server\90\Tools\binn\;C:\Program Files (x86)\Microsoft SQL Server\90\DTS\Binn\;C:\Program Files (x86)\Microsoft SQL Server\90\Tools\Binn\VSShell\Common7\IDE\;C:\Program Files (x86)\Microsoft Visual Studio 8\Common7\IDE\PrivateAssemblies\;D:\Java\jdk1.8.0_211\bin;D:\Java\jre1.8.0_211;D:\Java\jdk1.8.0_211\bin;D:\Java\jdk1.8.0_211\jre\bin;C:\Program Files (x86)\Common Files\Oracle\Java\javapath;D:\Java\apache-maven-3.6.1\bin;C:\Program Files (x86)\Microsoft SQL Server\100\Tools\Binn\;C:\Program Files\Microsoft SQL Server\100\Tools\Binn\;C:\Program Files\Microsoft SQL Server\100\DTS\Binn\;C:\Program Files (x86)\Microsoft SQL Server\100\Tools\Binn\VSShell\Common7\IDE\;E:\vs2008\Common7\IDE\PrivateAssemblies\;C:\Program Files (x86)\Microsoft SQL Server\100\DTS\Binn\;D:\Anaconda3;D:\Anaconda3\Library\mingw-w64\bin;D:\Anaconda3\Library\usr\bin;D:\Anaconda3\Library\bin;D:\Anaconda3\Scripts;C:\Users\齐\AppData\Local\Microsoft\WindowsApps;C:\Users\齐\AppData\Roaming\npm
USERNAME=齐
OS=Windows_NT
PROCESSOR_IDENTIFIER=Intel64 Family 6 Model 158 Stepping 9, GenuineIntel



---------------  S Y S T E M  ---------------

OS: Windows 10.0 , 64 bit Build 18362 (10.0.18362.1110)

CPU:total 8 (initial active 8) (4 cores per cpu, 2 threads per core) family 6 model 158 stepping 9, cmov, cx8, fxsr, mmx, sse, sse2, sse3, ssse3, sse4.1, sse4.2, popcnt, avx, avx2, aes, clmul, erms, 3dnowpref, lzcnt, ht, tsc, tscinvbit, bmi1, bmi2, adx

Memory: 4k page, physical 8270092k(2903052k free), swap 20853004k(12174940k free)

vm_info: Java HotSpot(TM) 64-Bit Server VM (25.211-b12) for windows-amd64 JRE (1.8.0_211-b12), built on Apr  1 2019 20:53:26 by "java_re" with MS VC++ 10.0 (VS2010)

time: Wed Dec 16 22:47:04 2020
timezone: 中国标准时间
elapsed time: 3 seconds (0d 0h 0m 3s)

